Environment variables:
  - =::=::\
  - =C:=C:\Users\DELL\Documents\NetBeansProjects\ProyectoED2doParcial\Proyecto
  - ALLUSERSPROFILE=C:\ProgramData
  - APPDATA=C:\Users\DELL\AppData\Roaming
  - COMPUTERNAME=PC-MISAEL
  - ComSpec=C:\WINDOWS\system32\cmd.exe
  - CommonProgramFiles=C:\Program Files\Common Files
  - CommonProgramFiles(x86)=C:\Program Files (x86)\Common Files
  - CommonProgramW6432=C:\Program Files\Common Files
  - DriverData=C:\Windows\System32\Drivers\DriverData
  - ERROR_CODE=0
  - HOMEDRIVE=C:
  - HOMEPATH=\Users\DELL
  - JAVA_EXEC="C:\sonar\sonar-scanner-4.2.0.1873-windows\bin\..\jre\bin\java.exe"
  - JAVA_HOME=C:\sonar\sonar-scanner-4.2.0.1873-windows\bin\..\jre
  - LOCALAPPDATA=C:\Users\DELL\AppData\Local
  - LOGONSERVER=\\PC-MISAEL
  - NUMBER_OF_PROCESSORS=4
  - OS=Windows_NT
  - OneDrive=C:\Users\DELL\OneDrive
  - OneDriveConsumer=C:\Users\DELL\OneDrive
  - PATHEXT=.COM;.EXE;.BAT;.CMD;.VBS;.VBE;.JS;.JSE;.WSF;.WSH;.MSC
  - PROCESSOR_ARCHITECTURE=AMD64
  - PROCESSOR_IDENTIFIER=Intel64 Family 6 Model 69 Stepping 1, GenuineIntel
  - PROCESSOR_LEVEL=6
  - PROCESSOR_REVISION=4501
  - PROJECT_HOME=C:\Users\DELL\Documents\NetBeansProjects\ProyectoED2doParcial\Proyecto
  - PROMPT=$P$G
  - PSModulePath=C:\Program Files\WindowsPowerShell\Modules;C:\WINDOWS\system32\WindowsPowerShell\v1.0\Modules
  - PUBLIC=C:\Users\Public
  - Path=C:\Program Files (x86)\Common Files\Oracle\Java\javapath;C:\WINDOWS\system32;C:\WINDOWS;C:\WINDOWS\System32\Wbem;C:\WINDOWS\System32\WindowsPowerShell\v1.0\;C:\WINDOWS\System32\OpenSSH\;C:\sonar\sonar-scanner-4.2.0.1873-windows\bin;C:\sonar-scanner-4.2.0.1873-windows\bin;C:\Users\DELL\AppData\Local\Microsoft\WindowsApps;;C:\intelFPGA\18.1\modelsim_ase\win32aloem
  - ProgramData=C:\ProgramData
  - ProgramFiles=C:\Program Files
  - ProgramFiles(x86)=C:\Program Files (x86)
  - ProgramW6432=C:\Program Files
  - QSYS_ROOTDIR=C:\intelFPGA_lite\18.1\quartus\sopc_builder\bin
  - QUARTUS_ROOTDIR=C:\intelFPGA_lite\18.1\quartus
  - SESSIONNAME=Console
  - SONAR_SCANNER_HOME=C:\sonar\sonar-scanner-4.2.0.1873-windows\bin\..
  - SOPC_KIT_NIOS2=C:\intelFPGA_lite\18.1\nios2eds
  - SystemDrive=C:
  - SystemRoot=C:\WINDOWS
  - TEMP=C:\Users\DELL\AppData\Local\Temp
  - TMP=C:\Users\DELL\AppData\Local\Temp
  - USERDOMAIN=PC-MISAEL
  - USERDOMAIN_ROAMINGPROFILE=PC-MISAEL
  - USERNAME=DELL
  - USERPROFILE=C:\Users\DELL
  - VBOX_MSI_INSTALL_PATH=C:\Program Files\Oracle\VirtualBox\
  - scriptdir=C:\sonar\sonar-scanner-4.2.0.1873-windows\bin
  - use_embedded_jre=true
  - windir=C:\WINDOWS
System properties:
  - awt.toolkit=sun.awt.windows.WToolkit
  - file.encoding=Cp1252
  - file.separator=\
  - java.awt.graphicsenv=sun.awt.Win32GraphicsEnvironment
  - java.awt.headless=true
  - java.awt.printerjob=sun.awt.windows.WPrinterJob
  - java.class.path=C:\sonar\sonar-scanner-4.2.0.1873-windows\bin\..\lib\sonar-scanner-cli-4.2.0.1873.jar
  - java.class.version=55.0
  - java.home=C:\sonar\sonar-scanner-4.2.0.1873-windows\jre
  - java.io.tmpdir=C:\Users\DELL\AppData\Local\Temp\
  - java.library.path=C:\sonar\sonar-scanner-4.2.0.1873-windows\jre\bin;C:\WINDOWS\Sun\Java\bin;C:\WINDOWS\system32;C:\WINDOWS;C:\Program Files (x86)\Common Files\Oracle\Java\javapath;C:\WINDOWS\system32;C:\WINDOWS;C:\WINDOWS\System32\Wbem;C:\WINDOWS\System32\WindowsPowerShell\v1.0\;C:\WINDOWS\System32\OpenSSH\;C:\sonar\sonar-scanner-4.2.0.1873-windows\bin;C:\sonar-scanner-4.2.0.1873-windows\bin;C:\Users\DELL\AppData\Local\Microsoft\WindowsApps;;C:\intelFPGA\18.1\modelsim_ase\win32aloem;.
  - java.runtime.name=OpenJDK Runtime Environment
  - java.runtime.version=11.0.3+7
  - java.specification.name=Java Platform API Specification
  - java.specification.vendor=Oracle Corporation
  - java.specification.version=11
  - java.vendor=AdoptOpenJDK
  - java.vendor.url=https://adoptopenjdk.net/
  - java.vendor.url.bug=https://github.com/AdoptOpenJDK/openjdk-build/issues
  - java.vendor.version=AdoptOpenJDK
  - java.version=11.0.3
  - java.version.date=2019-04-16
  - java.vm.compressedOopsMode=32-bit
  - java.vm.info=mixed mode
  - java.vm.name=OpenJDK 64-Bit Server VM
  - java.vm.specification.name=Java Virtual Machine Specification
  - java.vm.specification.vendor=Oracle Corporation
  - java.vm.specification.version=11
  - java.vm.vendor=AdoptOpenJDK
  - java.vm.version=11.0.3+7
  - jdk.debug=release
  - line.separator=

  - os.arch=amd64
  - os.name=Windows 10
  - os.version=10.0
  - path.separator=;
  - project.home=C:\Users\DELL\Documents\NetBeansProjects\ProyectoED2doParcial\Proyecto
  - scanner.home=C:\sonar\sonar-scanner-4.2.0.1873-windows\bin\..
  - sun.arch.data.model=64
  - sun.boot.library.path=C:\sonar\sonar-scanner-4.2.0.1873-windows\jre\bin
  - sun.cpu.endian=little
  - sun.cpu.isalist=amd64
  - sun.desktop=windows
  - sun.io.unicode.encoding=UnicodeLittle
  - sun.java.command=org.sonarsource.scanner.cli.Main -X
  - sun.java.launcher=SUN_STANDARD
  - sun.jnu.encoding=Cp1252
  - sun.management.compiler=HotSpot 64-Bit Tiered Compilers
  - sun.os.patch.level=
  - sun.stderr.encoding=cp850
  - sun.stdout.encoding=cp850
  - user.country=EC
  - user.dir=C:\Users\DELL\Documents\NetBeansProjects\ProyectoED2doParcial\Proyecto
  - user.home=C:\Users\DELL
  - user.language=es
  - user.name=DELL
  - user.script=
  - user.timezone=America/Bogota
  - user.variant=
SonarQube plugins:
  - GitHub 1.4.2.1027 (github)
  - SonarPython 1.8.0.1496 (python)
  - Code Smells 4.0.0 (smells)
  - GitHub Authentication for SonarQube 1.5.0.870 (authgithub)
  - SonarQube :: Plugins :: SCM :: SVN 1.6.0.860 (scmsvn)
  - SonarJS 3.2.0.5506 (javascript)
  - SonarC# 6.5.0.3766 (csharp)
  - SonarJava 5.13.0.18197 (java)
  - Flex 2.3 (flex)
  - Git 1.9.0.1725 (scmgit)
  - SonarXML 1.4.3.1027 (xml)
  - SonarPHP 2.11.0.2485 (php)
  - SonarTS 1.1.0.1079 (typescript)
Global properties:
  - sonar.core.id=A7EE8CF2-AWtmz9pnmaj65Z_tQ1Yd
  - sonar.core.startTime=2020-01-21T11:19:06-0500
  - sonar.forceAuthentication=false
Settings for module: p01Grupo04
  - sonar.host.url=http://200.126.12.164
  - sonar.java.binaries=build
  - sonar.login=******
  - sonar.password=******
  - sonar.projectBaseDir=C:\Users\DELL\Documents\NetBeansProjects\ProyectoED2doParcial\Proyecto
  - sonar.projectKey=p01Grupo04
  - sonar.projectName=proyDS4
  - sonar.projectVersion=1.0
  - sonar.scanner.app=ScannerCli
  - sonar.scanner.appVersion=4.2.0.1873
  - sonar.sourceEncoding=UTF-8
  - sonar.sources=.
  - sonar.verbose=true
  - sonar.working.directory=C:\Users\DELL\Documents\NetBeansProjects\ProyectoED2doParcial\Proyecto\.scannerwork
